<?xml version="1.0" encoding="UTF-8"?>
<!-- Generated by org.testng.reporters.JUnitReportReporter -->
<testsuite skipped="0" hostname="DESKTOP-O34S300" name="com.crm.qa.testcases.HomePageTest" tests="3" failures="0" timestamp="04 Aug 2018 10:49:20 GMT" time="31.997" errors="0">
  <testcase name="VerifyHomePageTitleTest" time="8.844" classname="com.crm.qa.testcases.HomePageTest"/>
  <testcase name="VerifyUserNameTest" time="11.446" classname="com.crm.qa.testcases.HomePageTest"/>
  <testcase name="VerifyClickOnContactsTest" time="11.707" classname="com.crm.qa.testcases.HomePageTest"/>
</testsuite> <!-- com.crm.qa.testcases.HomePageTest -->
