<?xml version="1.0" encoding="UTF-8"?>
<!-- Generated by org.testng.reporters.JUnitReportReporter -->
<testsuite skipped="0" hostname="DESKTOP-O34S300" name="com.crm.qa.testcases.ContactsPageTest" tests="6" failures="0" timestamp="04 Aug 2018 10:49:20 GMT" time="65.431" errors="0">
  <testcase name="VerifyContactsPageLabelTest" time="10.344" classname="com.crm.qa.testcases.ContactsPageTest"/>
  <testcase name="selectSingleContactsTest" time="9.336" classname="com.crm.qa.testcases.ContactsPageTest"/>
  <testcase name="selectMultipleContactsTest" time="10.424" classname="com.crm.qa.testcases.ContactsPageTest"/>
  <testcase name="ValidateCreateNewContactTest" time="10.798" classname="com.crm.qa.testcases.ContactsPageTest"/>
  <testcase name="ValidateCreateNewContactTest" time="11.968" classname="com.crm.qa.testcases.ContactsPageTest"/>
  <testcase name="ValidateCreateNewContactTest" time="12.561" classname="com.crm.qa.testcases.ContactsPageTest"/>
</testsuite> <!-- com.crm.qa.testcases.ContactsPageTest -->
